<?xml version="1.0" encoding="UTF-8"?>
<testsuite xmlns:xsi="http://www.w3.org/2001/XMLSchema-instance" xsi:noNamespaceSchemaLocation="https://maven.apache.org/surefire/maven-surefire-plugin/xsd/surefire-test-report.xsd" name="com.mycompany.app.AppTest" time="0.01" tests="1" errors="0" skipped="0" failures="0">
  <properties>
    <property name="java.specification.version" value="21"/>
    <property name="sun.jnu.encoding" value="UTF-8"/>
    <property name="java.class.path" value="/Users/krispian/IdeaProjects/event-processing/target/test-classes:/Users/krispian/IdeaProjects/event-processing/target/classes:/Users/krispian/.m2/repository/junit/junit/4.11/junit-4.11.jar:/Users/krispian/.m2/repository/org/hamcrest/hamcrest-core/1.3/hamcrest-core-1.3.jar:/Users/krispian/.m2/repository/org/apache/flink/flink-java/1.19.0/flink-java-1.19.0.jar:/Users/krispian/.m2/repository/org/apache/flink/flink-core/1.19.0/flink-core-1.19.0.jar:/Users/krispian/.m2/repository/org/apache/flink/flink-annotations/1.19.0/flink-annotations-1.19.0.jar:/Users/krispian/.m2/repository/org/apache/flink/flink-metrics-core/1.19.0/flink-metrics-core-1.19.0.jar:/Users/krispian/.m2/repository/org/apache/flink/flink-shaded-asm-9/9.5-17.0/flink-shaded-asm-9-9.5-17.0.jar:/Users/krispian/.m2/repository/org/apache/flink/flink-shaded-jackson/2.14.2-17.0/flink-shaded-jackson-2.14.2-17.0.jar:/Users/krispian/.m2/repository/org/snakeyaml/snakeyaml-engine/2.6/snakeyaml-engine-2.6.jar:/Users/krispian/.m2/repository/org/apache/commons/commons-text/1.10.0/commons-text-1.10.0.jar:/Users/krispian/.m2/repository/com/esotericsoftware/kryo/kryo/2.24.0/kryo-2.24.0.jar:/Users/krispian/.m2/repository/com/esotericsoftware/minlog/minlog/1.2/minlog-1.2.jar:/Users/krispian/.m2/repository/org/objenesis/objenesis/2.1/objenesis-2.1.jar:/Users/krispian/.m2/repository/commons-collections/commons-collections/3.2.2/commons-collections-3.2.2.jar:/Users/krispian/.m2/repository/org/apache/commons/commons-compress/1.24.0/commons-compress-1.24.0.jar:/Users/krispian/.m2/repository/org/apache/commons/commons-lang3/3.12.0/commons-lang3-3.12.0.jar:/Users/krispian/.m2/repository/org/apache/commons/commons-math3/3.6.1/commons-math3-3.6.1.jar:/Users/krispian/.m2/repository/com/twitter/chill-java/0.7.6/chill-java-0.7.6.jar:/Users/krispian/.m2/repository/org/slf4j/slf4j-api/1.7.36/slf4j-api-1.7.36.jar:/Users/krispian/.m2/repository/com/google/code/findbugs/jsr305/1.3.9/jsr305-1.3.9.jar:/Users/krispian/.m2/repository/org/apache/flink/flink-streaming-java/1.19.0/flink-streaming-java-1.19.0.jar:/Users/krispian/.m2/repository/org/apache/flink/flink-file-sink-common/1.19.0/flink-file-sink-common-1.19.0.jar:/Users/krispian/.m2/repository/org/apache/flink/flink-runtime/1.19.0/flink-runtime-1.19.0.jar:/Users/krispian/.m2/repository/org/apache/flink/flink-rpc-core/1.19.0/flink-rpc-core-1.19.0.jar:/Users/krispian/.m2/repository/org/apache/flink/flink-rpc-akka-loader/1.19.0/flink-rpc-akka-loader-1.19.0.jar:/Users/krispian/.m2/repository/org/apache/flink/flink-queryable-state-client-java/1.19.0/flink-queryable-state-client-java-1.19.0.jar:/Users/krispian/.m2/repository/org/apache/flink/flink-hadoop-fs/1.19.0/flink-hadoop-fs-1.19.0.jar:/Users/krispian/.m2/repository/commons-io/commons-io/2.11.0/commons-io-2.11.0.jar:/Users/krispian/.m2/repository/org/apache/flink/flink-shaded-netty/4.1.91.Final-17.0/flink-shaded-netty-4.1.91.Final-17.0.jar:/Users/krispian/.m2/repository/org/apache/flink/flink-shaded-zookeeper-3/3.7.1-17.0/flink-shaded-zookeeper-3-3.7.1-17.0.jar:/Users/krispian/.m2/repository/org/javassist/javassist/3.24.0-GA/javassist-3.24.0-GA.jar:/Users/krispian/.m2/repository/org/xerial/snappy/snappy-java/1.1.10.4/snappy-java-1.1.10.4.jar:/Users/krispian/.m2/repository/tools/profiler/async-profiler/2.9/async-profiler-2.9.jar:/Users/krispian/.m2/repository/org/lz4/lz4-java/1.8.0/lz4-java-1.8.0.jar:/Users/krispian/.m2/repository/org/apache/flink/flink-shaded-guava/31.1-jre-17.0/flink-shaded-guava-31.1-jre-17.0.jar:/Users/krispian/.m2/repository/org/apache/flink/flink-connector-datagen/1.19.0/flink-connector-datagen-1.19.0.jar:/Users/krispian/.m2/repository/org/apache/flink/flink-clients/1.19.0/flink-clients-1.19.0.jar:/Users/krispian/.m2/repository/org/apache/flink/flink-optimizer/1.19.0/flink-optimizer-1.19.0.jar:/Users/krispian/.m2/repository/commons-cli/commons-cli/1.5.0/commons-cli-1.5.0.jar:/Users/krispian/.m2/repository/org/apache/flink/flink-cep/1.19.0/flink-cep-1.19.0.jar:/Users/krispian/.m2/repository/log4j/log4j/1.2.17/log4j-1.2.17.jar:"/>
    <property name="java.vm.vendor" value="Azul Systems, Inc."/>
    <property name="sun.arch.data.model" value="64"/>
    <property name="java.vendor.url" value="http://www.azul.com/"/>
    <property name="os.name" value="Mac OS X"/>
    <property name="java.vm.specification.version" value="21"/>
    <property name="sun.java.launcher" value="SUN_STANDARD"/>
    <property name="user.country" value="DE"/>
    <property name="sun.boot.library.path" value="/nix/store/scrkpgggrq8ll8lm2y9sfg9dx31sv9hm-zulu-ca-jdk-21.0.2/zulu-21.jdk/Contents/Home/lib"/>
    <property name="sun.java.command" value="/Users/krispian/IdeaProjects/event-processing/target/surefire/surefirebooter1478871601614523183.jar /Users/krispian/IdeaProjects/event-processing/target/surefire 2024-04-03T20-14-31_613-jvmRun1 surefire17570828767827388940tmp surefire_010655560545655208488tmp"/>
    <property name="jdk.debug" value="release"/>
    <property name="surefire.test.class.path" value="/Users/krispian/IdeaProjects/event-processing/target/test-classes:/Users/krispian/IdeaProjects/event-processing/target/classes:/Users/krispian/.m2/repository/junit/junit/4.11/junit-4.11.jar:/Users/krispian/.m2/repository/org/hamcrest/hamcrest-core/1.3/hamcrest-core-1.3.jar:/Users/krispian/.m2/repository/org/apache/flink/flink-java/1.19.0/flink-java-1.19.0.jar:/Users/krispian/.m2/repository/org/apache/flink/flink-core/1.19.0/flink-core-1.19.0.jar:/Users/krispian/.m2/repository/org/apache/flink/flink-annotations/1.19.0/flink-annotations-1.19.0.jar:/Users/krispian/.m2/repository/org/apache/flink/flink-metrics-core/1.19.0/flink-metrics-core-1.19.0.jar:/Users/krispian/.m2/repository/org/apache/flink/flink-shaded-asm-9/9.5-17.0/flink-shaded-asm-9-9.5-17.0.jar:/Users/krispian/.m2/repository/org/apache/flink/flink-shaded-jackson/2.14.2-17.0/flink-shaded-jackson-2.14.2-17.0.jar:/Users/krispian/.m2/repository/org/snakeyaml/snakeyaml-engine/2.6/snakeyaml-engine-2.6.jar:/Users/krispian/.m2/repository/org/apache/commons/commons-text/1.10.0/commons-text-1.10.0.jar:/Users/krispian/.m2/repository/com/esotericsoftware/kryo/kryo/2.24.0/kryo-2.24.0.jar:/Users/krispian/.m2/repository/com/esotericsoftware/minlog/minlog/1.2/minlog-1.2.jar:/Users/krispian/.m2/repository/org/objenesis/objenesis/2.1/objenesis-2.1.jar:/Users/krispian/.m2/repository/commons-collections/commons-collections/3.2.2/commons-collections-3.2.2.jar:/Users/krispian/.m2/repository/org/apache/commons/commons-compress/1.24.0/commons-compress-1.24.0.jar:/Users/krispian/.m2/repository/org/apache/commons/commons-lang3/3.12.0/commons-lang3-3.12.0.jar:/Users/krispian/.m2/repository/org/apache/commons/commons-math3/3.6.1/commons-math3-3.6.1.jar:/Users/krispian/.m2/repository/com/twitter/chill-java/0.7.6/chill-java-0.7.6.jar:/Users/krispian/.m2/repository/org/slf4j/slf4j-api/1.7.36/slf4j-api-1.7.36.jar:/Users/krispian/.m2/repository/com/google/code/findbugs/jsr305/1.3.9/jsr305-1.3.9.jar:/Users/krispian/.m2/repository/org/apache/flink/flink-streaming-java/1.19.0/flink-streaming-java-1.19.0.jar:/Users/krispian/.m2/repository/org/apache/flink/flink-file-sink-common/1.19.0/flink-file-sink-common-1.19.0.jar:/Users/krispian/.m2/repository/org/apache/flink/flink-runtime/1.19.0/flink-runtime-1.19.0.jar:/Users/krispian/.m2/repository/org/apache/flink/flink-rpc-core/1.19.0/flink-rpc-core-1.19.0.jar:/Users/krispian/.m2/repository/org/apache/flink/flink-rpc-akka-loader/1.19.0/flink-rpc-akka-loader-1.19.0.jar:/Users/krispian/.m2/repository/org/apache/flink/flink-queryable-state-client-java/1.19.0/flink-queryable-state-client-java-1.19.0.jar:/Users/krispian/.m2/repository/org/apache/flink/flink-hadoop-fs/1.19.0/flink-hadoop-fs-1.19.0.jar:/Users/krispian/.m2/repository/commons-io/commons-io/2.11.0/commons-io-2.11.0.jar:/Users/krispian/.m2/repository/org/apache/flink/flink-shaded-netty/4.1.91.Final-17.0/flink-shaded-netty-4.1.91.Final-17.0.jar:/Users/krispian/.m2/repository/org/apache/flink/flink-shaded-zookeeper-3/3.7.1-17.0/flink-shaded-zookeeper-3-3.7.1-17.0.jar:/Users/krispian/.m2/repository/org/javassist/javassist/3.24.0-GA/javassist-3.24.0-GA.jar:/Users/krispian/.m2/repository/org/xerial/snappy/snappy-java/1.1.10.4/snappy-java-1.1.10.4.jar:/Users/krispian/.m2/repository/tools/profiler/async-profiler/2.9/async-profiler-2.9.jar:/Users/krispian/.m2/repository/org/lz4/lz4-java/1.8.0/lz4-java-1.8.0.jar:/Users/krispian/.m2/repository/org/apache/flink/flink-shaded-guava/31.1-jre-17.0/flink-shaded-guava-31.1-jre-17.0.jar:/Users/krispian/.m2/repository/org/apache/flink/flink-connector-datagen/1.19.0/flink-connector-datagen-1.19.0.jar:/Users/krispian/.m2/repository/org/apache/flink/flink-clients/1.19.0/flink-clients-1.19.0.jar:/Users/krispian/.m2/repository/org/apache/flink/flink-optimizer/1.19.0/flink-optimizer-1.19.0.jar:/Users/krispian/.m2/repository/commons-cli/commons-cli/1.5.0/commons-cli-1.5.0.jar:/Users/krispian/.m2/repository/org/apache/flink/flink-cep/1.19.0/flink-cep-1.19.0.jar:/Users/krispian/.m2/repository/log4j/log4j/1.2.17/log4j-1.2.17.jar:"/>
    <property name="sun.cpu.endian" value="little"/>
    <property name="user.home" value="/Users/krispian"/>
    <property name="user.language" value="en"/>
    <property name="java.specification.vendor" value="Oracle Corporation"/>
    <property name="java.version.date" value="2024-01-16"/>
    <property name="java.home" value="/nix/store/scrkpgggrq8ll8lm2y9sfg9dx31sv9hm-zulu-ca-jdk-21.0.2/zulu-21.jdk/Contents/Home"/>
    <property name="file.separator" value="/"/>
    <property name="basedir" value="/Users/krispian/IdeaProjects/event-processing"/>
    <property name="java.vm.compressedOopsMode" value="Zero based"/>
    <property name="line.separator" value="&#10;"/>
    <property name="java.specification.name" value="Java Platform API Specification"/>
    <property name="java.vm.specification.vendor" value="Oracle Corporation"/>
    <property name="apple.awt.application.name" value="ForkedBooter"/>
    <property name="surefire.real.class.path" value="/Users/krispian/IdeaProjects/event-processing/target/surefire/surefirebooter1478871601614523183.jar"/>
    <property name="sun.management.compiler" value="HotSpot 64-Bit Tiered Compilers"/>
    <property name="java.runtime.version" value="21.0.2+13-LTS"/>
    <property name="user.name" value="krispian"/>
    <property name="stdout.encoding" value="UTF-8"/>
    <property name="path.separator" value=":"/>
    <property name="os.version" value="14.3.1"/>
    <property name="java.runtime.name" value="OpenJDK Runtime Environment"/>
    <property name="file.encoding" value="UTF-8"/>
    <property name="java.vm.name" value="OpenJDK 64-Bit Server VM"/>
    <property name="java.vendor.version" value="Zulu21.32+17-CA"/>
    <property name="localRepository" value="/Users/krispian/.m2/repository"/>
    <property name="java.vendor.url.bug" value="http://www.azul.com/support/"/>
    <property name="java.io.tmpdir" value="/var/folders/8v/7wc629yj3qn5tsrqt9cz5j2r0000gn/T/"/>
    <property name="java.version" value="21.0.2"/>
    <property name="user.dir" value="/Users/krispian/IdeaProjects/event-processing"/>
    <property name="os.arch" value="aarch64"/>
    <property name="java.vm.specification.name" value="Java Virtual Machine Specification"/>
    <property name="native.encoding" value="UTF-8"/>
    <property name="java.library.path" value="/Users/krispian/Library/Java/Extensions:/Library/Java/Extensions:/Network/Library/Java/Extensions:/System/Library/Java/Extensions:/usr/lib/java:."/>
    <property name="java.vm.info" value="mixed mode, sharing"/>
    <property name="stderr.encoding" value="UTF-8"/>
    <property name="java.vendor" value="Azul Systems, Inc."/>
    <property name="java.vm.version" value="21.0.2+13-LTS"/>
    <property name="sun.io.unicode.encoding" value="UnicodeBig"/>
    <property name="java.class.version" value="65.0"/>
  </properties>
  <testcase name="shouldAnswerWithTrue" classname="com.mycompany.app.AppTest" time="0.001"/>
</testsuite>